C:\Program Files (x86)\MSBuild\Microsoft.Cpp\v4.0\V140\Microsoft.CppBuild.targets(392,5): warning MSB8028: The intermediate directory (Debug\) contains files shared from another project (Example.vcxproj).  This can lead to incorrect clean and rebuild behavior.
  main.cpp
c:\users\kelsey.davis\downloads\shittyasteriods-master\shittyasteriods-master\base\base\math\hull.h(88): warning C4018: '<': signed/unsigned mismatch
c:\users\kelsey.davis\downloads\shittyasteriods-master\shittyasteriods-master\base\base\math\hull.h(97): warning C4018: '<': signed/unsigned mismatch
c:\users\kelsey.davis\downloads\shittyasteriods-master\shittyasteriods-master\base\base\math\hull.h(110): warning C4244: 'argument': conversion from 'std::size_t' to 'float', possible loss of data
c:\users\kelsey.davis\downloads\shittyasteriods-master\shittyasteriods-master\base\base\math\hull.h(110): warning C4244: '=': conversion from 'float' to 'std::size_t', possible loss of data
c:\users\kelsey.davis\downloads\shittyasteriods-master\shittyasteriods-master\base\base\math\hull.h(112): warning C4018: '<': signed/unsigned mismatch
c:\users\kelsey.davis\downloads\shittyasteriods-master\shittyasteriods-master\base\base\math\hull.h(119): warning C4244: 'initializing': conversion from 'double' to 'float', possible loss of data
c:\users\kelsey.davis\downloads\shittyasteriods-master\shittyasteriods-master\base\base\math\hull.h(120): warning C4018: '<': signed/unsigned mismatch
c:\users\kelsey.davis\downloads\shittyasteriods-master\shittyasteriods-master\base\base\math\hull.h(128): warning C4018: '<': signed/unsigned mismatch
c:\users\kelsey.davis\downloads\shittyasteriods-master\shittyasteriods-master\base\base\math\hull.h(135): warning C4018: '<': signed/unsigned mismatch
c:\users\kelsey.davis\downloads\shittyasteriods-master\shittyasteriods-master\base\base\math\collision.h(29): warning C4018: '<': signed/unsigned mismatch
c:\users\kelsey.davis\downloads\shittyasteriods-master\shittyasteriods-master\base\base\math\collision.h(30): warning C4018: '<': signed/unsigned mismatch
c:\users\kelsey.davis\downloads\shittyasteriods-master\shittyasteriods-master\base\base\math\collision.h(34): warning C4018: '<': signed/unsigned mismatch
c:\users\kelsey.davis\downloads\shittyasteriods-master\shittyasteriods-master\base\base\components\collider.h(35): warning C4018: '<': signed/unsigned mismatch
c:\users\kelsey.davis\downloads\shittyasteriods-master\shittyasteriods-master\godisdead\factory.h(133): warning C4244: 'argument': conversion from 'double' to 'float', possible loss of data
c:\users\kelsey.davis\downloads\shittyasteriods-master\shittyasteriods-master\base\base\components\collider.h(19): warning C4172: returning address of local variable or temporary
c:\users\kelsey.davis\downloads\shittyasteriods-master\shittyasteriods-master\base\base\components\collider.h(22): warning C4172: returning address of local variable or temporary
c:\users\kelsey.davis\downloads\shittyasteriods-master\shittyasteriods-master\base\base\components\transform.h(65): warning C4715: 'base::Transform::removeChild': not all control paths return a value
  GodIsDead.vcxproj -> C:\Users\kelsey.davis\Downloads\ShittyAsteriods-master\ShittyAsteriods-master\Debug\GodIsDead.exe
  GodIsDead.vcxproj -> C:\Users\kelsey.davis\Downloads\ShittyAsteriods-master\ShittyAsteriods-master\Debug\GodIsDead.pdb (Partial PDB)
