  main.cpp
c:\users\kelsey.davis\desktop\base\base\base\math\hull.h(88): warning C4018: '<': signed/unsigned mismatch
c:\users\kelsey.davis\desktop\base\base\base\math\hull.h(97): warning C4018: '<': signed/unsigned mismatch
c:\users\kelsey.davis\desktop\base\base\base\math\hull.h(110): warning C4244: 'argument': conversion from 'std::size_t' to 'float', possible loss of data
c:\users\kelsey.davis\desktop\base\base\base\math\hull.h(110): warning C4244: '=': conversion from 'float' to 'std::size_t', possible loss of data
c:\users\kelsey.davis\desktop\base\base\base\math\hull.h(112): warning C4018: '<': signed/unsigned mismatch
c:\users\kelsey.davis\desktop\base\base\base\math\hull.h(119): warning C4244: 'initializing': conversion from 'double' to 'float', possible loss of data
c:\users\kelsey.davis\desktop\base\base\base\math\hull.h(120): warning C4018: '<': signed/unsigned mismatch
c:\users\kelsey.davis\desktop\base\base\base\math\hull.h(128): warning C4018: '<': signed/unsigned mismatch
c:\users\kelsey.davis\desktop\base\base\base\math\hull.h(135): warning C4018: '<': signed/unsigned mismatch
c:\users\kelsey.davis\desktop\base\base\base\math\collision.h(29): warning C4018: '<': signed/unsigned mismatch
c:\users\kelsey.davis\desktop\base\base\base\math\collision.h(30): warning C4018: '<': signed/unsigned mismatch
c:\users\kelsey.davis\desktop\base\base\base\math\collision.h(34): warning C4018: '<': signed/unsigned mismatch
c:\users\kelsey.davis\desktop\base\base\base\components\collider.h(35): warning C4018: '<': signed/unsigned mismatch
c:\users\kelsey.davis\desktop\base\example\factory.h(116): warning C4244: 'argument': conversion from 'double' to 'float', possible loss of data
c:\users\kelsey.davis\desktop\base\base\base\components\collider.h(19): warning C4172: returning address of local variable or temporary
c:\users\kelsey.davis\desktop\base\base\base\components\collider.h(22): warning C4172: returning address of local variable or temporary
c:\users\kelsey.davis\desktop\base\base\base\components\transform.h(65): warning C4715: 'base::Transform::removeChild': not all control paths return a value
sfw_deb.lib(gl_core_4_4.obj) : warning LNK4099: PDB 'nsfw2draw.pdb' was not found with 'sfw_deb.lib(gl_core_4_4.obj)' or at 'C:\Users\kelsey.davis\Desktop\Base\Debug\nsfw2draw.pdb'; linking object as if no debug info
sfw_deb.lib(crenderutils.obj) : warning LNK4099: PDB 'nsfw2draw.pdb' was not found with 'sfw_deb.lib(crenderutils.obj)' or at 'C:\Users\kelsey.davis\Desktop\Base\Debug\nsfw2draw.pdb'; linking object as if no debug info
sfw_deb.lib(sfwdraw.obj) : warning LNK4099: PDB 'nsfw2draw.pdb' was not found with 'sfw_deb.lib(sfwdraw.obj)' or at 'C:\Users\kelsey.davis\Desktop\Base\Debug\nsfw2draw.pdb'; linking object as if no debug info
sfw_deb.lib(wgl_context.obj) : warning LNK4099: PDB 'glfw.pdb' was not found with 'sfw_deb.lib(wgl_context.obj)' or at 'C:\Users\kelsey.davis\Desktop\Base\Debug\glfw.pdb'; linking object as if no debug info
sfw_deb.lib(winmm_joystick.obj) : warning LNK4099: PDB 'glfw.pdb' was not found with 'sfw_deb.lib(winmm_joystick.obj)' or at 'C:\Users\kelsey.davis\Desktop\Base\Debug\glfw.pdb'; linking object as if no debug info
sfw_deb.lib(win32_window.obj) : warning LNK4099: PDB 'glfw.pdb' was not found with 'sfw_deb.lib(win32_window.obj)' or at 'C:\Users\kelsey.davis\Desktop\Base\Debug\glfw.pdb'; linking object as if no debug info
sfw_deb.lib(win32_tls.obj) : warning LNK4099: PDB 'glfw.pdb' was not found with 'sfw_deb.lib(win32_tls.obj)' or at 'C:\Users\kelsey.davis\Desktop\Base\Debug\glfw.pdb'; linking object as if no debug info
sfw_deb.lib(win32_time.obj) : warning LNK4099: PDB 'glfw.pdb' was not found with 'sfw_deb.lib(win32_time.obj)' or at 'C:\Users\kelsey.davis\Desktop\Base\Debug\glfw.pdb'; linking object as if no debug info
sfw_deb.lib(win32_monitor.obj) : warning LNK4099: PDB 'glfw.pdb' was not found with 'sfw_deb.lib(win32_monitor.obj)' or at 'C:\Users\kelsey.davis\Desktop\Base\Debug\glfw.pdb'; linking object as if no debug info
sfw_deb.lib(win32_init.obj) : warning LNK4099: PDB 'glfw.pdb' was not found with 'sfw_deb.lib(win32_init.obj)' or at 'C:\Users\kelsey.davis\Desktop\Base\Debug\glfw.pdb'; linking object as if no debug info
sfw_deb.lib(window.obj) : warning LNK4099: PDB 'glfw.pdb' was not found with 'sfw_deb.lib(window.obj)' or at 'C:\Users\kelsey.davis\Desktop\Base\Debug\glfw.pdb'; linking object as if no debug info
sfw_deb.lib(monitor.obj) : warning LNK4099: PDB 'glfw.pdb' was not found with 'sfw_deb.lib(monitor.obj)' or at 'C:\Users\kelsey.davis\Desktop\Base\Debug\glfw.pdb'; linking object as if no debug info
sfw_deb.lib(input.obj) : warning LNK4099: PDB 'glfw.pdb' was not found with 'sfw_deb.lib(input.obj)' or at 'C:\Users\kelsey.davis\Desktop\Base\Debug\glfw.pdb'; linking object as if no debug info
sfw_deb.lib(init.obj) : warning LNK4099: PDB 'glfw.pdb' was not found with 'sfw_deb.lib(init.obj)' or at 'C:\Users\kelsey.davis\Desktop\Base\Debug\glfw.pdb'; linking object as if no debug info
sfw_deb.lib(context.obj) : warning LNK4099: PDB 'glfw.pdb' was not found with 'sfw_deb.lib(context.obj)' or at 'C:\Users\kelsey.davis\Desktop\Base\Debug\glfw.pdb'; linking object as if no debug info
  Example.vcxproj -> C:\Users\kelsey.davis\Desktop\Base\Debug\Example.exe
  Example.vcxproj -> C:\Users\kelsey.davis\Desktop\Base\Debug\Example.pdb (Partial PDB)
